<?xml version="1.0" encoding="UTF-8"?>
<!-- Generated by org.testng.reporters.JUnitReportReporter -->
<testsuite hostname="DESKTOP-IU9D0MM" failures="0" tests="3" name="com.spicejet.test.LoginTest_N_DataPVDR" time="215.135" errors="0" timestamp="2024-07-08T10:57:37 IST" skipped="0">
  <testcase classname="com.spicejet.test.LoginTest_N_DataPVDR" name="loginWithInValidCredentials" time="75.534"/>
  <testcase classname="com.spicejet.test.LoginTest_N_DataPVDR" name="loginWithInValidCredentials" time="74.174"/>
  <testcase classname="com.spicejet.test.LoginTest_N_DataPVDR" name="loginWithInValidCredentials" time="65.427"/>
</testsuite> <!-- com.spicejet.test.LoginTest_N_DataPVDR -->
