<?xml version="1.0" encoding="UTF-8"?>
<!-- Generated by org.testng.reporters.JUnitReportReporter -->
<testsuite hostname="DESKTOP-IU9D0MM" failures="0" tests="1" name="com.spicejet.test.RTTest" time="91.197" errors="0" timestamp="2024-07-08T11:58:39 IST" skipped="0">
  <testcase classname="com.spicejet.test.RTTest" name="roundTrip" time="91.197"/>
</testsuite> <!-- com.spicejet.test.RTTest -->
