<?xml version="1.0" encoding="UTF-8"?>
<!-- Generated by org.testng.reporters.JUnitReportReporter -->
<testsuite hostname="DESKTOP-IU9D0MM" failures="0" tests="1" name="com.spicejet.test.SignUpTest_Positive" time="111.382" errors="0" timestamp="2024-07-08T12:52:15 IST" skipped="0">
  <testcase classname="com.spicejet.test.SignUpTest_Positive" name="signUpWithValidCredentials" time="111.382"/>
</testsuite> <!-- com.spicejet.test.SignUpTest_Positive -->
