<?xml version="1.0" encoding="UTF-8"?>
<!-- Generated by org.testng.reporters.JUnitReportReporter -->
<testsuite hostname="DESKTOP-IU9D0MM" failures="0" tests="1" name="com.spicejet.test.PayTest" time="115.883" errors="0" timestamp="2024-07-08T11:30:15 IST" skipped="0">
  <testcase classname="com.spicejet.test.PayTest" name="payTest" time="115.883"/>
</testsuite> <!-- com.spicejet.test.PayTest -->
