<?xml version="1.0" encoding="UTF-8"?>
<!-- Generated by org.testng.reporters.JUnitReportReporter -->
<testsuite hostname="DESKTOP-IU9D0MM" failures="0" tests="1" name="com.spicejet.test.ExtraTaskTest" time="47.728" errors="0" timestamp="2024-07-08T18:53:48 IST" skipped="0">
  <testcase classname="com.spicejet.test.ExtraTaskTest" name="fieldsAvailableCheking" time="47.728"/>
</testsuite> <!-- com.spicejet.test.ExtraTaskTest -->
