<?xml version="1.0" encoding="UTF-8"?>
<!-- Generated by org.testng.reporters.JUnitReportReporter -->
<testsuite hostname="DESKTOP-IU9D0MM" failures="0" tests="1" name="com.spicejet.test.LoginTest_P_DataPVDR" time="43.270" errors="0" timestamp="2024-07-08T12:01:43 IST" skipped="0">
  <testcase classname="com.spicejet.test.LoginTest_P_DataPVDR" name="loginWithValidCredentials" time="43.270"/>
</testsuite> <!-- com.spicejet.test.LoginTest_P_DataPVDR -->
