<?xml version="1.0" encoding="UTF-8"?>
<!-- Generated by org.testng.reporters.JUnitReportReporter -->
<testsuite hostname="DESKTOP-IU9D0MM" failures="0" tests="1" name="com.spicejet.test.SignUpTest_Negative" time="63.326" errors="0" timestamp="2024-07-08T10:57:37 IST" skipped="0">
  <testcase classname="com.spicejet.test.SignUpTest_Negative" name="signUpWithInValidCredentials" time="63.326"/>
</testsuite> <!-- com.spicejet.test.SignUpTest_Negative -->
